[2025-01-04T14:08:53.692+0000] {manager.py:469} INFO - Processing files using up to 2 processes at a time 
[2025-01-04T14:08:53.693+0000] {manager.py:470} INFO - Process each file at most once every 30 seconds
[2025-01-04T14:08:53.694+0000] {manager.py:471} INFO - Checking for new files in /opt/airflow/dags every 300 seconds
[2025-01-04T14:08:53.695+0000] {manager.py:738} INFO - Searching for files in /opt/airflow/dags
[2025-01-04T14:08:53.700+0000] {manager.py:741} INFO - There are 1 files in /opt/airflow/dags
[2025-01-04T14:08:53.845+0000] {manager.py:879} INFO - 
================================================================================
DAG File Processing Stats

File Path                           PID  Runtime      # DAGs    # Errors  Last Runtime    Last Run
--------------------------------  -----  ---------  --------  ----------  --------------  ----------
/opt/airflow/dags/insert_data.py     57  0.04s             0           0
================================================================================
[2025-01-04T14:09:23.957+0000] {manager.py:879} INFO - 
================================================================================
DAG File Processing Stats

File Path                         PID    Runtime      # DAGs    # Errors  Last Runtime    Last Run
--------------------------------  -----  ---------  --------  ----------  --------------  -------------------
/opt/airflow/dags/insert_data.py                           1           0  2.02s           2025-01-04T14:08:55
================================================================================
[2025-01-04T14:09:54.136+0000] {manager.py:879} INFO - 
================================================================================
DAG File Processing Stats

File Path                         PID    Runtime      # DAGs    # Errors  Last Runtime    Last Run
--------------------------------  -----  ---------  --------  ----------  --------------  -------------------
/opt/airflow/dags/insert_data.py                           1           0  1.04s           2025-01-04T14:09:27
================================================================================
[2025-01-04T14:10:24.211+0000] {manager.py:879} INFO - 
================================================================================
DAG File Processing Stats

File Path                         PID    Runtime      # DAGs    # Errors  Last Runtime    Last Run
--------------------------------  -----  ---------  --------  ----------  --------------  -------------------
/opt/airflow/dags/insert_data.py                           1           0  0.92s           2025-01-04T14:09:58
================================================================================
[2025-01-04T14:10:54.419+0000] {manager.py:879} INFO - 
================================================================================
DAG File Processing Stats

File Path                         PID    Runtime      # DAGs    # Errors  Last Runtime    Last Run
--------------------------------  -----  ---------  --------  ----------  --------------  -------------------
/opt/airflow/dags/insert_data.py                           1           0  0.70s           2025-01-04T14:10:28
================================================================================
[2025-01-04T14:11:24.568+0000] {manager.py:879} INFO - 
================================================================================
DAG File Processing Stats

File Path                         PID    Runtime      # DAGs    # Errors  Last Runtime    Last Run
--------------------------------  -----  ---------  --------  ----------  --------------  -------------------
/opt/airflow/dags/insert_data.py                           1           0  0.58s           2025-01-04T14:10:59
================================================================================
[2025-01-04T14:11:54.923+0000] {manager.py:879} INFO - 
================================================================================
DAG File Processing Stats

File Path                         PID    Runtime      # DAGs    # Errors  Last Runtime    Last Run
--------------------------------  -----  ---------  --------  ----------  --------------  -------------------
/opt/airflow/dags/insert_data.py                           1           0  0.59s           2025-01-04T14:11:30
================================================================================
[2025-01-04T14:12:25.071+0000] {manager.py:879} INFO - 
================================================================================
DAG File Processing Stats

File Path                         PID    Runtime      # DAGs    # Errors  Last Runtime    Last Run
--------------------------------  -----  ---------  --------  ----------  --------------  -------------------
/opt/airflow/dags/insert_data.py                           1           0  0.80s           2025-01-04T14:12:01
================================================================================
[2025-01-04T14:12:55.274+0000] {manager.py:879} INFO - 
================================================================================
DAG File Processing Stats

File Path                         PID    Runtime      # DAGs    # Errors  Last Runtime    Last Run
--------------------------------  -----  ---------  --------  ----------  --------------  -------------------
/opt/airflow/dags/insert_data.py                           1           0  0.53s           2025-01-04T14:12:45
================================================================================
[2025-01-04T14:13:25.423+0000] {manager.py:879} INFO - 
================================================================================
DAG File Processing Stats

File Path                         PID    Runtime      # DAGs    # Errors  Last Runtime    Last Run
--------------------------------  -----  ---------  --------  ----------  --------------  -------------------
/opt/airflow/dags/insert_data.py                           1           0  0.79s           2025-01-04T14:13:16
================================================================================
[2025-01-04T14:13:53.841+0000] {manager.py:738} INFO - Searching for files in /opt/airflow/dags
[2025-01-04T14:13:53.846+0000] {manager.py:741} INFO - There are 1 files in /opt/airflow/dags
[2025-01-04T14:13:55.872+0000] {manager.py:879} INFO - 
================================================================================
DAG File Processing Stats

File Path                         PID    Runtime      # DAGs    # Errors  Last Runtime    Last Run
--------------------------------  -----  ---------  --------  ----------  --------------  -------------------
/opt/airflow/dags/insert_data.py                           1           0  2.26s           2025-01-04T14:13:49
================================================================================
[2025-01-04T14:14:26.230+0000] {manager.py:879} INFO - 
================================================================================
DAG File Processing Stats

File Path                         PID    Runtime      # DAGs    # Errors  Last Runtime    Last Run
--------------------------------  -----  ---------  --------  ----------  --------------  -------------------
/opt/airflow/dags/insert_data.py                           1           0  0.62s           2025-01-04T14:14:19
================================================================================
[2025-01-04T14:14:56.374+0000] {manager.py:879} INFO - 
================================================================================
DAG File Processing Stats

File Path                         PID    Runtime      # DAGs    # Errors  Last Runtime    Last Run
--------------------------------  -----  ---------  --------  ----------  --------------  -------------------
/opt/airflow/dags/insert_data.py                           1           0  0.62s           2025-01-04T14:14:50
================================================================================
[2025-01-04T14:15:26.749+0000] {manager.py:879} INFO - 
================================================================================
DAG File Processing Stats

File Path                         PID    Runtime      # DAGs    # Errors  Last Runtime    Last Run
--------------------------------  -----  ---------  --------  ----------  --------------  -------------------
/opt/airflow/dags/insert_data.py                           1           0  0.60s           2025-01-04T14:15:21
================================================================================
[2025-01-04T14:15:56.896+0000] {manager.py:879} INFO - 
================================================================================
DAG File Processing Stats

File Path                         PID    Runtime      # DAGs    # Errors  Last Runtime    Last Run
--------------------------------  -----  ---------  --------  ----------  --------------  -------------------
/opt/airflow/dags/insert_data.py                           1           0  0.62s           2025-01-04T14:15:52
================================================================================
[2025-01-04T14:16:27.266+0000] {manager.py:879} INFO - 
================================================================================
DAG File Processing Stats

File Path                         PID    Runtime      # DAGs    # Errors  Last Runtime    Last Run
--------------------------------  -----  ---------  --------  ----------  --------------  -------------------
/opt/airflow/dags/insert_data.py                           1           0  0.63s           2025-01-04T14:16:22
================================================================================
[2025-01-04T14:16:57.687+0000] {manager.py:879} INFO - 
================================================================================
DAG File Processing Stats

File Path                         PID    Runtime      # DAGs    # Errors  Last Runtime    Last Run
--------------------------------  -----  ---------  --------  ----------  --------------  -------------------
/opt/airflow/dags/insert_data.py                           1           0  0.91s           2025-01-04T14:16:54
================================================================================
[2025-01-04T14:17:27.832+0000] {manager.py:879} INFO - 
================================================================================
DAG File Processing Stats

File Path                         PID    Runtime      # DAGs    # Errors  Last Runtime    Last Run
--------------------------------  -----  ---------  --------  ----------  --------------  -------------------
/opt/airflow/dags/insert_data.py                           1           0  0.60s           2025-01-04T14:17:24
================================================================================
[2025-01-04T14:17:58.009+0000] {manager.py:879} INFO - 
================================================================================
DAG File Processing Stats

File Path                         PID    Runtime      # DAGs    # Errors  Last Runtime    Last Run
--------------------------------  -----  ---------  --------  ----------  --------------  -------------------
/opt/airflow/dags/insert_data.py                           1           0  0.60s           2025-01-04T14:17:55
================================================================================
[2025-01-04T14:18:28.148+0000] {manager.py:879} INFO - 
================================================================================
DAG File Processing Stats

File Path                         PID    Runtime      # DAGs    # Errors  Last Runtime    Last Run
--------------------------------  -----  ---------  --------  ----------  --------------  -------------------
/opt/airflow/dags/insert_data.py                           1           0  0.59s           2025-01-04T14:18:26
================================================================================
[2025-01-04T14:18:54.282+0000] {manager.py:738} INFO - Searching for files in /opt/airflow/dags
[2025-01-04T14:18:54.287+0000] {manager.py:741} INFO - There are 1 files in /opt/airflow/dags
[2025-01-04T14:18:58.459+0000] {manager.py:879} INFO - 
================================================================================
DAG File Processing Stats

File Path                         PID    Runtime      # DAGs    # Errors  Last Runtime    Last Run
--------------------------------  -----  ---------  --------  ----------  --------------  -------------------
/opt/airflow/dags/insert_data.py                           1           0  0.62s           2025-01-04T14:18:57
================================================================================
[2025-01-04T14:19:28.597+0000] {manager.py:879} INFO - 
================================================================================
DAG File Processing Stats

File Path                         PID    Runtime      # DAGs    # Errors  Last Runtime    Last Run
--------------------------------  -----  ---------  --------  ----------  --------------  -------------------
/opt/airflow/dags/insert_data.py                           1           0  0.62s           2025-01-04T14:19:27
================================================================================
[2025-01-04T14:19:58.988+0000] {manager.py:879} INFO - 
================================================================================
DAG File Processing Stats

File Path                         PID    Runtime      # DAGs    # Errors  Last Runtime    Last Run
--------------------------------  -----  ---------  --------  ----------  --------------  -------------------
/opt/airflow/dags/insert_data.py                           1           0  0.61s           2025-01-04T14:19:58
================================================================================
[2025-01-04T14:20:29.130+0000] {manager.py:879} INFO - 
================================================================================
DAG File Processing Stats

File Path                           PID  Runtime      # DAGs    # Errors  Last Runtime    Last Run
--------------------------------  -----  ---------  --------  ----------  --------------  -------------------
/opt/airflow/dags/insert_data.py    259  0.40s             1           0  0.61s           2025-01-04T14:19:58
================================================================================
[2025-01-04T14:20:59.286+0000] {manager.py:879} INFO - 
================================================================================
DAG File Processing Stats

File Path                         PID    Runtime      # DAGs    # Errors  Last Runtime    Last Run
--------------------------------  -----  ---------  --------  ----------  --------------  -------------------
/opt/airflow/dags/insert_data.py                           1           0  0.61s           2025-01-04T14:20:29
================================================================================
[2025-01-04T14:21:29.617+0000] {manager.py:879} INFO - 
================================================================================
DAG File Processing Stats

File Path                         PID    Runtime      # DAGs    # Errors  Last Runtime    Last Run
--------------------------------  -----  ---------  --------  ----------  --------------  -------------------
/opt/airflow/dags/insert_data.py                           1           0  0.62s           2025-01-04T14:21:00
================================================================================
[2025-01-04T14:21:59.766+0000] {manager.py:879} INFO - 
================================================================================
DAG File Processing Stats

File Path                         PID    Runtime      # DAGs    # Errors  Last Runtime    Last Run
--------------------------------  -----  ---------  --------  ----------  --------------  -------------------
/opt/airflow/dags/insert_data.py                           1           0  0.61s           2025-01-04T14:21:30
================================================================================
[2025-01-04T14:22:30.117+0000] {manager.py:879} INFO - 
================================================================================
DAG File Processing Stats

File Path                         PID    Runtime      # DAGs    # Errors  Last Runtime    Last Run
--------------------------------  -----  ---------  --------  ----------  --------------  -------------------
/opt/airflow/dags/insert_data.py                           1           0  0.59s           2025-01-04T14:22:01
================================================================================
[2025-01-04T14:23:00.260+0000] {manager.py:879} INFO - 
================================================================================
DAG File Processing Stats

File Path                         PID    Runtime      # DAGs    # Errors  Last Runtime    Last Run
--------------------------------  -----  ---------  --------  ----------  --------------  -------------------
/opt/airflow/dags/insert_data.py                           1           0  0.63s           2025-01-04T14:22:32
================================================================================
[2025-01-04T14:23:30.606+0000] {manager.py:879} INFO - 
================================================================================
DAG File Processing Stats

File Path                         PID    Runtime      # DAGs    # Errors  Last Runtime    Last Run
--------------------------------  -----  ---------  --------  ----------  --------------  -------------------
/opt/airflow/dags/insert_data.py                           1           0  0.64s           2025-01-04T14:23:03
================================================================================
[2025-01-04T14:23:54.720+0000] {manager.py:738} INFO - Searching for files in /opt/airflow/dags
[2025-01-04T14:23:54.725+0000] {manager.py:741} INFO - There are 1 files in /opt/airflow/dags
[2025-01-04T14:24:00.763+0000] {manager.py:879} INFO - 
================================================================================
DAG File Processing Stats

File Path                         PID    Runtime      # DAGs    # Errors  Last Runtime    Last Run
--------------------------------  -----  ---------  --------  ----------  --------------  -------------------
/opt/airflow/dags/insert_data.py                           1           0  0.68s           2025-01-04T14:23:33
================================================================================
[2025-01-04T14:24:30.856+0000] {manager.py:879} INFO - 
================================================================================
DAG File Processing Stats

File Path                         PID    Runtime      # DAGs    # Errors  Last Runtime    Last Run
--------------------------------  -----  ---------  --------  ----------  --------------  -------------------
/opt/airflow/dags/insert_data.py                           1           0  0.64s           2025-01-04T14:24:04
================================================================================
[2025-01-04T14:25:01.177+0000] {manager.py:879} INFO - 
================================================================================
DAG File Processing Stats

File Path                         PID    Runtime      # DAGs    # Errors  Last Runtime    Last Run
--------------------------------  -----  ---------  --------  ----------  --------------  -------------------
/opt/airflow/dags/insert_data.py                           1           0  0.57s           2025-01-04T14:25:01
================================================================================
[2025-01-04T14:25:31.329+0000] {manager.py:879} INFO - 
================================================================================
DAG File Processing Stats

File Path                           PID  Runtime      # DAGs    # Errors  Last Runtime    Last Run
--------------------------------  -----  ---------  --------  ----------  --------------  -------------------
/opt/airflow/dags/insert_data.py    339  0.00s             1           0  0.57s           2025-01-04T14:25:01
================================================================================
[2025-01-04T14:26:01.896+0000] {manager.py:879} INFO - 
================================================================================
DAG File Processing Stats

File Path                         PID    Runtime      # DAGs    # Errors  Last Runtime    Last Run
--------------------------------  -----  ---------  --------  ----------  --------------  -------------------
/opt/airflow/dags/insert_data.py                           1           0  0.61s           2025-01-04T14:25:31
================================================================================
[2025-01-04T14:26:32.201+0000] {manager.py:879} INFO - 
================================================================================
DAG File Processing Stats

File Path                         PID    Runtime      # DAGs    # Errors  Last Runtime    Last Run
--------------------------------  -----  ---------  --------  ----------  --------------  -------------------
/opt/airflow/dags/insert_data.py                           1           0  0.60s           2025-01-04T14:26:02
================================================================================
[2025-01-04T14:27:02.346+0000] {manager.py:879} INFO - 
================================================================================
DAG File Processing Stats

File Path                         PID    Runtime      # DAGs    # Errors  Last Runtime    Last Run
--------------------------------  -----  ---------  --------  ----------  --------------  -------------------
/opt/airflow/dags/insert_data.py                           1           0  0.60s           2025-01-04T14:26:33
================================================================================
[2025-01-04T14:27:32.666+0000] {manager.py:879} INFO - 
================================================================================
DAG File Processing Stats

File Path                         PID    Runtime      # DAGs    # Errors  Last Runtime    Last Run
--------------------------------  -----  ---------  --------  ----------  --------------  -------------------
/opt/airflow/dags/insert_data.py                           1           0  0.60s           2025-01-04T14:27:04
================================================================================
[2025-01-04T14:28:02.820+0000] {manager.py:879} INFO - 
================================================================================
DAG File Processing Stats

File Path                         PID    Runtime      # DAGs    # Errors  Last Runtime    Last Run
--------------------------------  -----  ---------  --------  ----------  --------------  -------------------
/opt/airflow/dags/insert_data.py                           1           0  0.66s           2025-01-04T14:27:34
================================================================================
[2025-01-04T14:28:32.830+0000] {manager.py:879} INFO - 
================================================================================
DAG File Processing Stats

File Path                         PID    Runtime      # DAGs    # Errors  Last Runtime    Last Run
--------------------------------  -----  ---------  --------  ----------  --------------  -------------------
/opt/airflow/dags/insert_data.py                           1           0  0.63s           2025-01-04T14:28:05
================================================================================
[2025-01-04T14:28:55.310+0000] {manager.py:738} INFO - Searching for files in /opt/airflow/dags
[2025-01-04T14:28:55.315+0000] {manager.py:741} INFO - There are 1 files in /opt/airflow/dags
[2025-01-04T14:29:03.369+0000] {manager.py:879} INFO - 
================================================================================
DAG File Processing Stats

File Path                         PID    Runtime      # DAGs    # Errors  Last Runtime    Last Run
--------------------------------  -----  ---------  --------  ----------  --------------  -------------------
/opt/airflow/dags/insert_data.py                           1           0  0.61s           2025-01-04T14:28:36
================================================================================
[2025-01-04T14:29:33.719+0000] {manager.py:879} INFO - 
================================================================================
DAG File Processing Stats

File Path                         PID    Runtime      # DAGs    # Errors  Last Runtime    Last Run
--------------------------------  -----  ---------  --------  ----------  --------------  -------------------
/opt/airflow/dags/insert_data.py                           1           0  0.60s           2025-01-04T14:29:07
================================================================================
[2025-01-04T14:30:03.869+0000] {manager.py:879} INFO - 
================================================================================
DAG File Processing Stats

File Path                         PID    Runtime      # DAGs    # Errors  Last Runtime    Last Run
--------------------------------  -----  ---------  --------  ----------  --------------  -------------------
/opt/airflow/dags/insert_data.py                           1           0  0.65s           2025-01-04T14:29:37
================================================================================
[2025-01-04T14:30:34.240+0000] {manager.py:879} INFO - 
================================================================================
DAG File Processing Stats

File Path                         PID    Runtime      # DAGs    # Errors  Last Runtime    Last Run
--------------------------------  -----  ---------  --------  ----------  --------------  -------------------
/opt/airflow/dags/insert_data.py                           1           0  0.61s           2025-01-04T14:30:08
================================================================================
[2025-01-04T14:31:04.396+0000] {manager.py:879} INFO - 
================================================================================
DAG File Processing Stats

File Path                         PID    Runtime      # DAGs    # Errors  Last Runtime    Last Run
--------------------------------  -----  ---------  --------  ----------  --------------  -------------------
/opt/airflow/dags/insert_data.py                           1           0  0.63s           2025-01-04T14:30:39
================================================================================
[2025-01-04T14:31:34.763+0000] {manager.py:879} INFO - 
================================================================================
DAG File Processing Stats

File Path                         PID    Runtime      # DAGs    # Errors  Last Runtime    Last Run
--------------------------------  -----  ---------  --------  ----------  --------------  -------------------
/opt/airflow/dags/insert_data.py                           1           0  0.62s           2025-01-04T14:31:10
================================================================================
[2025-01-04T14:32:04.915+0000] {manager.py:879} INFO - 
================================================================================
DAG File Processing Stats

File Path                         PID    Runtime      # DAGs    # Errors  Last Runtime    Last Run
--------------------------------  -----  ---------  --------  ----------  --------------  -------------------
/opt/airflow/dags/insert_data.py                           1           0  0.61s           2025-01-04T14:31:41
================================================================================
[2025-01-04T14:32:35.284+0000] {manager.py:879} INFO - 
================================================================================
DAG File Processing Stats

File Path                         PID    Runtime      # DAGs    # Errors  Last Runtime    Last Run
--------------------------------  -----  ---------  --------  ----------  --------------  -------------------
/opt/airflow/dags/insert_data.py                           1           0  0.61s           2025-01-04T14:32:11
================================================================================
[2025-01-04T14:33:05.435+0000] {manager.py:879} INFO - 
================================================================================
DAG File Processing Stats

File Path                         PID    Runtime      # DAGs    # Errors  Last Runtime    Last Run
--------------------------------  -----  ---------  --------  ----------  --------------  -------------------
/opt/airflow/dags/insert_data.py                           1           0  0.74s           2025-01-04T14:32:42
================================================================================
[2025-01-04T14:33:35.534+0000] {manager.py:879} INFO - 
================================================================================
DAG File Processing Stats

File Path                         PID    Runtime      # DAGs    # Errors  Last Runtime    Last Run
--------------------------------  -----  ---------  --------  ----------  --------------  -------------------
/opt/airflow/dags/insert_data.py                           1           0  0.60s           2025-01-04T14:33:13
================================================================================
[2025-01-04T14:33:56.025+0000] {manager.py:738} INFO - Searching for files in /opt/airflow/dags
[2025-01-04T14:33:56.030+0000] {manager.py:741} INFO - There are 1 files in /opt/airflow/dags
[2025-01-04T14:34:06.099+0000] {manager.py:879} INFO - 
================================================================================
DAG File Processing Stats

File Path                         PID    Runtime      # DAGs    # Errors  Last Runtime    Last Run
--------------------------------  -----  ---------  --------  ----------  --------------  -------------------
/opt/airflow/dags/insert_data.py                           1           0  0.61s           2025-01-04T14:33:44
================================================================================
[2025-01-04T14:34:36.419+0000] {manager.py:879} INFO - 
================================================================================
DAG File Processing Stats

File Path                         PID    Runtime      # DAGs    # Errors  Last Runtime    Last Run
--------------------------------  -----  ---------  --------  ----------  --------------  -------------------
/opt/airflow/dags/insert_data.py                           1           0  0.59s           2025-01-04T14:34:14
================================================================================
[2025-01-04T14:35:06.566+0000] {manager.py:879} INFO - 
================================================================================
DAG File Processing Stats

File Path                         PID    Runtime      # DAGs    # Errors  Last Runtime    Last Run
--------------------------------  -----  ---------  --------  ----------  --------------  -------------------
/opt/airflow/dags/insert_data.py                           1           0  0.61s           2025-01-04T14:34:45
================================================================================
[2025-01-04T14:35:36.895+0000] {manager.py:879} INFO - 
================================================================================
DAG File Processing Stats

File Path                         PID    Runtime      # DAGs    # Errors  Last Runtime    Last Run
--------------------------------  -----  ---------  --------  ----------  --------------  -------------------
/opt/airflow/dags/insert_data.py                           1           0  0.61s           2025-01-04T14:35:16
================================================================================
[2025-01-04T14:36:07.045+0000] {manager.py:879} INFO - 
================================================================================
DAG File Processing Stats

File Path                         PID    Runtime      # DAGs    # Errors  Last Runtime    Last Run
--------------------------------  -----  ---------  --------  ----------  --------------  -------------------
/opt/airflow/dags/insert_data.py                           1           0  0.59s           2025-01-04T14:35:47
================================================================================
[2025-01-04T14:36:37.058+0000] {manager.py:879} INFO - 
================================================================================
DAG File Processing Stats

File Path                         PID    Runtime      # DAGs    # Errors  Last Runtime    Last Run
--------------------------------  -----  ---------  --------  ----------  --------------  -------------------
/opt/airflow/dags/insert_data.py                           1           0  0.68s           2025-01-04T14:36:17
================================================================================
[2025-01-04T14:37:07.532+0000] {manager.py:879} INFO - 
================================================================================
DAG File Processing Stats

File Path                         PID    Runtime      # DAGs    # Errors  Last Runtime    Last Run
--------------------------------  -----  ---------  --------  ----------  --------------  -------------------
/opt/airflow/dags/insert_data.py                           1           0  0.58s           2025-01-04T14:36:48
================================================================================
[2025-01-04T14:37:37.540+0000] {manager.py:879} INFO - 
================================================================================
DAG File Processing Stats

File Path                         PID    Runtime      # DAGs    # Errors  Last Runtime    Last Run
--------------------------------  -----  ---------  --------  ----------  --------------  -------------------
/opt/airflow/dags/insert_data.py                           1           0  0.61s           2025-01-04T14:37:19
================================================================================
[2025-01-04T14:38:08.080+0000] {manager.py:879} INFO - 
================================================================================
DAG File Processing Stats

File Path                         PID    Runtime      # DAGs    # Errors  Last Runtime    Last Run
--------------------------------  -----  ---------  --------  ----------  --------------  -------------------
/opt/airflow/dags/insert_data.py                           1           0  0.58s           2025-01-04T14:37:50
================================================================================
[2025-01-04T14:38:38.400+0000] {manager.py:879} INFO - 
================================================================================
DAG File Processing Stats

File Path                         PID    Runtime      # DAGs    # Errors  Last Runtime    Last Run
--------------------------------  -----  ---------  --------  ----------  --------------  -------------------
/opt/airflow/dags/insert_data.py                           1           0  0.60s           2025-01-04T14:38:20
================================================================================
[2025-01-04T14:38:56.491+0000] {manager.py:738} INFO - Searching for files in /opt/airflow/dags
[2025-01-04T14:38:56.495+0000] {manager.py:741} INFO - There are 1 files in /opt/airflow/dags
[2025-01-04T14:39:08.564+0000] {manager.py:879} INFO - 
================================================================================
DAG File Processing Stats

File Path                         PID    Runtime      # DAGs    # Errors  Last Runtime    Last Run
--------------------------------  -----  ---------  --------  ----------  --------------  -------------------
/opt/airflow/dags/insert_data.py                           1           0  0.60s           2025-01-04T14:38:51
================================================================================
[2025-01-04T14:39:38.876+0000] {manager.py:879} INFO - 
================================================================================
DAG File Processing Stats

File Path                         PID    Runtime      # DAGs    # Errors  Last Runtime    Last Run
--------------------------------  -----  ---------  --------  ----------  --------------  -------------------
/opt/airflow/dags/insert_data.py                           1           0  0.62s           2025-01-04T14:39:22
================================================================================
[2025-01-04T14:40:09.022+0000] {manager.py:879} INFO - 
================================================================================
DAG File Processing Stats

File Path                         PID    Runtime      # DAGs    # Errors  Last Runtime    Last Run
--------------------------------  -----  ---------  --------  ----------  --------------  -------------------
/opt/airflow/dags/insert_data.py                           1           0  0.65s           2025-01-04T14:39:53
================================================================================
[2025-01-04T14:40:39.088+0000] {manager.py:879} INFO - 
================================================================================
DAG File Processing Stats

File Path                         PID    Runtime      # DAGs    # Errors  Last Runtime    Last Run
--------------------------------  -----  ---------  --------  ----------  --------------  -------------------
/opt/airflow/dags/insert_data.py                           1           0  0.66s           2025-01-04T14:40:24
================================================================================
[2025-01-04T14:41:09.584+0000] {manager.py:879} INFO - 
================================================================================
DAG File Processing Stats

File Path                         PID    Runtime      # DAGs    # Errors  Last Runtime    Last Run
--------------------------------  -----  ---------  --------  ----------  --------------  -------------------
/opt/airflow/dags/insert_data.py                           1           0  0.68s           2025-01-04T14:40:54
================================================================================
[2025-01-04T14:41:39.653+0000] {manager.py:879} INFO - 
================================================================================
DAG File Processing Stats

File Path                         PID    Runtime      # DAGs    # Errors  Last Runtime    Last Run
--------------------------------  -----  ---------  --------  ----------  --------------  -------------------
/opt/airflow/dags/insert_data.py                           1           0  0.59s           2025-01-04T14:41:25
================================================================================
[2025-01-04T14:42:10.207+0000] {manager.py:879} INFO - 
================================================================================
DAG File Processing Stats

File Path                         PID    Runtime      # DAGs    # Errors  Last Runtime    Last Run
--------------------------------  -----  ---------  --------  ----------  --------------  -------------------
/opt/airflow/dags/insert_data.py                           1           0  0.62s           2025-01-04T14:41:56
================================================================================
[2025-01-04T14:42:40.208+0000] {manager.py:879} INFO - 
================================================================================
DAG File Processing Stats

File Path                         PID    Runtime      # DAGs    # Errors  Last Runtime    Last Run
--------------------------------  -----  ---------  --------  ----------  --------------  -------------------
/opt/airflow/dags/insert_data.py                           1           0  0.63s           2025-01-04T14:42:27
================================================================================
[2025-01-04T14:43:10.723+0000] {manager.py:879} INFO - 
================================================================================
DAG File Processing Stats

File Path                         PID    Runtime      # DAGs    # Errors  Last Runtime    Last Run
--------------------------------  -----  ---------  --------  ----------  --------------  -------------------
/opt/airflow/dags/insert_data.py                           1           0  0.60s           2025-01-04T14:42:57
================================================================================
[2025-01-04T14:43:41.096+0000] {manager.py:879} INFO - 
================================================================================
DAG File Processing Stats

File Path                         PID    Runtime      # DAGs    # Errors  Last Runtime    Last Run
--------------------------------  -----  ---------  --------  ----------  --------------  -------------------
/opt/airflow/dags/insert_data.py                           1           0  0.59s           2025-01-04T14:43:28
================================================================================
[2025-01-04T14:43:56.761+0000] {manager.py:738} INFO - Searching for files in /opt/airflow/dags
[2025-01-04T14:43:56.765+0000] {manager.py:741} INFO - There are 1 files in /opt/airflow/dags
[2025-01-04T14:44:11.238+0000] {manager.py:879} INFO - 
================================================================================
DAG File Processing Stats

File Path                         PID    Runtime      # DAGs    # Errors  Last Runtime    Last Run
--------------------------------  -----  ---------  --------  ----------  --------------  -------------------
/opt/airflow/dags/insert_data.py                           1           0  0.59s           2025-01-04T14:43:59
================================================================================
[2025-01-04T14:44:41.569+0000] {manager.py:879} INFO - 
================================================================================
DAG File Processing Stats

File Path                         PID    Runtime      # DAGs    # Errors  Last Runtime    Last Run
--------------------------------  -----  ---------  --------  ----------  --------------  -------------------
/opt/airflow/dags/insert_data.py                           1           0  0.61s           2025-01-04T14:44:30
================================================================================
[2025-01-04T14:45:11.712+0000] {manager.py:879} INFO - 
================================================================================
DAG File Processing Stats

File Path                         PID    Runtime      # DAGs    # Errors  Last Runtime    Last Run
--------------------------------  -----  ---------  --------  ----------  --------------  -------------------
/opt/airflow/dags/insert_data.py                           1           0  0.64s           2025-01-04T14:45:00
================================================================================
[2025-01-04T14:45:41.716+0000] {manager.py:879} INFO - 
================================================================================
DAG File Processing Stats

File Path                         PID    Runtime      # DAGs    # Errors  Last Runtime    Last Run
--------------------------------  -----  ---------  --------  ----------  --------------  -------------------
/opt/airflow/dags/insert_data.py                           1           0  0.62s           2025-01-04T14:45:31
================================================================================
[2025-01-04T14:46:12.246+0000] {manager.py:879} INFO - 
================================================================================
DAG File Processing Stats

File Path                         PID    Runtime      # DAGs    # Errors  Last Runtime    Last Run
--------------------------------  -----  ---------  --------  ----------  --------------  -------------------
/opt/airflow/dags/insert_data.py                           1           0  0.58s           2025-01-04T14:46:02
================================================================================
[2025-01-04T14:46:42.574+0000] {manager.py:879} INFO - 
================================================================================
DAG File Processing Stats

File Path                         PID    Runtime      # DAGs    # Errors  Last Runtime    Last Run
--------------------------------  -----  ---------  --------  ----------  --------------  -------------------
/opt/airflow/dags/insert_data.py                           1           0  0.64s           2025-01-04T14:46:33
================================================================================
[2025-01-04T14:47:12.719+0000] {manager.py:879} INFO - 
================================================================================
DAG File Processing Stats

File Path                         PID    Runtime      # DAGs    # Errors  Last Runtime    Last Run
--------------------------------  -----  ---------  --------  ----------  --------------  -------------------
/opt/airflow/dags/insert_data.py                           1           0  0.64s           2025-01-04T14:47:03
================================================================================
[2025-01-04T14:47:42.724+0000] {manager.py:879} INFO - 
================================================================================
DAG File Processing Stats

File Path                         PID    Runtime      # DAGs    # Errors  Last Runtime    Last Run
--------------------------------  -----  ---------  --------  ----------  --------------  -------------------
/opt/airflow/dags/insert_data.py                           1           0  0.59s           2025-01-04T14:47:34
================================================================================
[2025-01-04T14:48:13.288+0000] {manager.py:879} INFO - 
================================================================================
DAG File Processing Stats

File Path                         PID    Runtime      # DAGs    # Errors  Last Runtime    Last Run
--------------------------------  -----  ---------  --------  ----------  --------------  -------------------
/opt/airflow/dags/insert_data.py                           1           0  0.70s           2025-01-04T14:48:05
================================================================================
[2025-01-04T14:48:43.302+0000] {manager.py:879} INFO - 
================================================================================
DAG File Processing Stats

File Path                         PID    Runtime      # DAGs    # Errors  Last Runtime    Last Run
--------------------------------  -----  ---------  --------  ----------  --------------  -------------------
/opt/airflow/dags/insert_data.py                           1           0  0.61s           2025-01-04T14:48:36
================================================================================
[2025-01-04T14:48:57.364+0000] {manager.py:738} INFO - Searching for files in /opt/airflow/dags
[2025-01-04T14:48:57.367+0000] {manager.py:741} INFO - There are 1 files in /opt/airflow/dags
[2025-01-04T14:49:13.833+0000] {manager.py:879} INFO - 
================================================================================
DAG File Processing Stats

File Path                         PID    Runtime      # DAGs    # Errors  Last Runtime    Last Run
--------------------------------  -----  ---------  --------  ----------  --------------  -------------------
/opt/airflow/dags/insert_data.py                           1           0  0.60s           2025-01-04T14:49:07
================================================================================
[2025-01-04T14:49:44.196+0000] {manager.py:879} INFO - 
================================================================================
DAG File Processing Stats

File Path                         PID    Runtime      # DAGs    # Errors  Last Runtime    Last Run
--------------------------------  -----  ---------  --------  ----------  --------------  -------------------
/opt/airflow/dags/insert_data.py                           1           0  0.63s           2025-01-04T14:49:37
================================================================================
[2025-01-04T14:50:14.343+0000] {manager.py:879} INFO - 
================================================================================
DAG File Processing Stats

File Path                         PID    Runtime      # DAGs    # Errors  Last Runtime    Last Run
--------------------------------  -----  ---------  --------  ----------  --------------  -------------------
/opt/airflow/dags/insert_data.py                           1           0  0.62s           2025-01-04T14:50:08
================================================================================
[2025-01-04T14:50:44.351+0000] {manager.py:879} INFO - 
================================================================================
DAG File Processing Stats

File Path                         PID    Runtime      # DAGs    # Errors  Last Runtime    Last Run
--------------------------------  -----  ---------  --------  ----------  --------------  -------------------
/opt/airflow/dags/insert_data.py                           1           0  0.62s           2025-01-04T14:50:39
================================================================================
[2025-01-04T14:51:14.868+0000] {manager.py:879} INFO - 
================================================================================
DAG File Processing Stats

File Path                         PID    Runtime      # DAGs    # Errors  Last Runtime    Last Run
--------------------------------  -----  ---------  --------  ----------  --------------  -------------------
/opt/airflow/dags/insert_data.py                           1           0  0.61s           2025-01-04T14:51:10
================================================================================
[2025-01-04T14:51:44.879+0000] {manager.py:879} INFO - 
================================================================================
DAG File Processing Stats

File Path                         PID    Runtime      # DAGs    # Errors  Last Runtime    Last Run
--------------------------------  -----  ---------  --------  ----------  --------------  -------------------
/opt/airflow/dags/insert_data.py                           1           0  0.64s           2025-01-04T14:51:40
================================================================================
[2025-01-04T14:52:15.388+0000] {manager.py:879} INFO - 
================================================================================
DAG File Processing Stats

File Path                         PID    Runtime      # DAGs    # Errors  Last Runtime    Last Run
--------------------------------  -----  ---------  --------  ----------  --------------  -------------------
/opt/airflow/dags/insert_data.py                           1           0  0.59s           2025-01-04T14:52:11
================================================================================
[2025-01-04T14:52:45.393+0000] {manager.py:879} INFO - 
================================================================================
DAG File Processing Stats

File Path                         PID    Runtime      # DAGs    # Errors  Last Runtime    Last Run
--------------------------------  -----  ---------  --------  ----------  --------------  -------------------
/opt/airflow/dags/insert_data.py                           1           0  0.63s           2025-01-04T14:52:42
================================================================================
[2025-01-04T14:53:15.910+0000] {manager.py:879} INFO - 
================================================================================
DAG File Processing Stats

File Path                         PID    Runtime      # DAGs    # Errors  Last Runtime    Last Run
--------------------------------  -----  ---------  --------  ----------  --------------  -------------------
/opt/airflow/dags/insert_data.py                           1           0  0.61s           2025-01-04T14:53:13
================================================================================
[2025-01-04T14:53:45.945+0000] {manager.py:879} INFO - 
================================================================================
DAG File Processing Stats

File Path                         PID    Runtime      # DAGs    # Errors  Last Runtime    Last Run
--------------------------------  -----  ---------  --------  ----------  --------------  -------------------
/opt/airflow/dags/insert_data.py                           1           0  0.64s           2025-01-04T14:53:43
================================================================================
[2025-01-04T14:53:58.001+0000] {manager.py:738} INFO - Searching for files in /opt/airflow/dags
[2025-01-04T14:53:58.007+0000] {manager.py:741} INFO - There are 1 files in /opt/airflow/dags
[2025-01-04T14:54:16.447+0000] {manager.py:879} INFO - 
================================================================================
DAG File Processing Stats

File Path                         PID    Runtime      # DAGs    # Errors  Last Runtime    Last Run
--------------------------------  -----  ---------  --------  ----------  --------------  -------------------
/opt/airflow/dags/insert_data.py                           1           0  0.61s           2025-01-04T14:54:14
================================================================================
[2025-01-04T14:54:46.850+0000] {manager.py:879} INFO - 
================================================================================
DAG File Processing Stats

File Path                         PID    Runtime      # DAGs    # Errors  Last Runtime    Last Run
--------------------------------  -----  ---------  --------  ----------  --------------  -------------------
/opt/airflow/dags/insert_data.py                           1           0  0.59s           2025-01-04T14:54:45
================================================================================
[2025-01-04T14:55:16.988+0000] {manager.py:879} INFO - 
================================================================================
DAG File Processing Stats

File Path                         PID    Runtime      # DAGs    # Errors  Last Runtime    Last Run
--------------------------------  -----  ---------  --------  ----------  --------------  -------------------
/opt/airflow/dags/insert_data.py                           1           0  0.62s           2025-01-04T14:55:16
================================================================================
[2025-01-04T14:55:47.339+0000] {manager.py:879} INFO - 
================================================================================
DAG File Processing Stats

File Path                         PID    Runtime      # DAGs    # Errors  Last Runtime    Last Run
--------------------------------  -----  ---------  --------  ----------  --------------  -------------------
/opt/airflow/dags/insert_data.py                           1           0  0.58s           2025-01-04T14:55:46
================================================================================
[2025-01-04T14:56:17.480+0000] {manager.py:879} INFO - 
================================================================================
DAG File Processing Stats

File Path                           PID  Runtime      # DAGs    # Errors  Last Runtime    Last Run
--------------------------------  -----  ---------  --------  ----------  --------------  -------------------
/opt/airflow/dags/insert_data.py    823  0.41s             1           0  0.58s           2025-01-04T14:55:46
================================================================================
[2025-01-04T14:56:47.622+0000] {manager.py:879} INFO - 
================================================================================
DAG File Processing Stats

File Path                         PID    Runtime      # DAGs    # Errors  Last Runtime    Last Run
--------------------------------  -----  ---------  --------  ----------  --------------  -------------------
/opt/airflow/dags/insert_data.py                           1           0  0.63s           2025-01-04T14:56:17
================================================================================
[2025-01-04T14:57:17.966+0000] {manager.py:879} INFO - 
================================================================================
DAG File Processing Stats

File Path                         PID    Runtime      # DAGs    # Errors  Last Runtime    Last Run
--------------------------------  -----  ---------  --------  ----------  --------------  -------------------
/opt/airflow/dags/insert_data.py                           1           0  0.59s           2025-01-04T14:56:48
================================================================================
[2025-01-04T14:57:48.119+0000] {manager.py:879} INFO - 
================================================================================
DAG File Processing Stats

File Path                         PID    Runtime      # DAGs    # Errors  Last Runtime    Last Run
--------------------------------  -----  ---------  --------  ----------  --------------  -------------------
/opt/airflow/dags/insert_data.py                           1           0  0.61s           2025-01-04T14:57:19
================================================================================
[2025-01-04T14:58:18.453+0000] {manager.py:879} INFO - 
================================================================================
DAG File Processing Stats

File Path                         PID    Runtime      # DAGs    # Errors  Last Runtime    Last Run
--------------------------------  -----  ---------  --------  ----------  --------------  -------------------
/opt/airflow/dags/insert_data.py                           1           0  0.62s           2025-01-04T14:57:49
================================================================================
[2025-01-04T14:58:48.605+0000] {manager.py:879} INFO - 
================================================================================
DAG File Processing Stats

File Path                         PID    Runtime      # DAGs    # Errors  Last Runtime    Last Run
--------------------------------  -----  ---------  --------  ----------  --------------  -------------------
/opt/airflow/dags/insert_data.py                           1           0  0.61s           2025-01-04T14:58:20
================================================================================
[2025-01-04T14:58:58.450+0000] {manager.py:738} INFO - Searching for files in /opt/airflow/dags
[2025-01-04T14:58:58.454+0000] {manager.py:741} INFO - There are 1 files in /opt/airflow/dags
[2025-01-04T14:59:18.952+0000] {manager.py:879} INFO - 
================================================================================
DAG File Processing Stats

File Path                         PID    Runtime      # DAGs    # Errors  Last Runtime    Last Run
--------------------------------  -----  ---------  --------  ----------  --------------  -------------------
/opt/airflow/dags/insert_data.py                           1           0  0.59s           2025-01-04T14:58:51
================================================================================
[2025-01-04T14:59:49.104+0000] {manager.py:879} INFO - 
================================================================================
DAG File Processing Stats

File Path                         PID    Runtime      # DAGs    # Errors  Last Runtime    Last Run
--------------------------------  -----  ---------  --------  ----------  --------------  -------------------
/opt/airflow/dags/insert_data.py                           1           0  0.74s           2025-01-04T14:59:22
================================================================================
[2025-01-04T15:00:19.273+0000] {manager.py:879} INFO - 
================================================================================
DAG File Processing Stats

File Path                         PID    Runtime      # DAGs    # Errors  Last Runtime    Last Run
--------------------------------  -----  ---------  --------  ----------  --------------  -------------------
/opt/airflow/dags/insert_data.py                           1           0  0.70s           2025-01-04T14:59:53
================================================================================
[2025-01-04T15:00:49.433+0000] {manager.py:879} INFO - 
================================================================================
DAG File Processing Stats

File Path                         PID    Runtime      # DAGs    # Errors  Last Runtime    Last Run
--------------------------------  -----  ---------  --------  ----------  --------------  -------------------
/opt/airflow/dags/insert_data.py                           1           0  0.61s           2025-01-04T15:00:23
================================================================================
[2025-01-04T15:01:19.588+0000] {manager.py:879} INFO - 
================================================================================
DAG File Processing Stats

File Path                         PID    Runtime      # DAGs    # Errors  Last Runtime    Last Run
--------------------------------  -----  ---------  --------  ----------  --------------  -------------------
/opt/airflow/dags/insert_data.py                           1           0  0.61s           2025-01-04T15:00:54
================================================================================
[2025-01-04T15:01:49.923+0000] {manager.py:879} INFO - 
================================================================================
DAG File Processing Stats

File Path                         PID    Runtime      # DAGs    # Errors  Last Runtime    Last Run
--------------------------------  -----  ---------  --------  ----------  --------------  -------------------
/opt/airflow/dags/insert_data.py                           1           0  0.61s           2025-01-04T15:01:25
================================================================================
[2025-01-04T15:02:20.070+0000] {manager.py:879} INFO - 
================================================================================
DAG File Processing Stats

File Path                         PID    Runtime      # DAGs    # Errors  Last Runtime    Last Run
--------------------------------  -----  ---------  --------  ----------  --------------  -------------------
/opt/airflow/dags/insert_data.py                           1           0  0.60s           2025-01-04T15:01:56
================================================================================
[2025-01-04T15:02:50.412+0000] {manager.py:879} INFO - 
================================================================================
DAG File Processing Stats

File Path                         PID    Runtime      # DAGs    # Errors  Last Runtime    Last Run
--------------------------------  -----  ---------  --------  ----------  --------------  -------------------
/opt/airflow/dags/insert_data.py                           1           0  0.59s           2025-01-04T15:02:26
================================================================================
[2025-01-04T15:03:20.563+0000] {manager.py:879} INFO - 
================================================================================
DAG File Processing Stats

File Path                         PID    Runtime      # DAGs    # Errors  Last Runtime    Last Run
--------------------------------  -----  ---------  --------  ----------  --------------  -------------------
/opt/airflow/dags/insert_data.py                           1           0  0.63s           2025-01-04T15:02:57
================================================================================
[2025-01-04T15:03:50.729+0000] {manager.py:879} INFO - 
================================================================================
DAG File Processing Stats

File Path                         PID    Runtime      # DAGs    # Errors  Last Runtime    Last Run
--------------------------------  -----  ---------  --------  ----------  --------------  -------------------
/opt/airflow/dags/insert_data.py                           0           1  0.07s           2025-01-04T15:03:23
================================================================================
[2025-01-04T15:03:58.812+0000] {manager.py:738} INFO - Searching for files in /opt/airflow/dags
[2025-01-04T15:03:58.817+0000] {manager.py:741} INFO - There are 1 files in /opt/airflow/dags
[2025-01-04T15:04:20.956+0000] {manager.py:879} INFO - 
================================================================================
DAG File Processing Stats

File Path                         PID    Runtime      # DAGs    # Errors  Last Runtime    Last Run
--------------------------------  -----  ---------  --------  ----------  --------------  -------------------
/opt/airflow/dags/insert_data.py                           0           1  0.06s           2025-01-04T15:03:53
================================================================================
[2025-01-04T15:04:51.145+0000] {manager.py:879} INFO - 
================================================================================
DAG File Processing Stats

File Path                         PID    Runtime      # DAGs    # Errors  Last Runtime    Last Run
--------------------------------  -----  ---------  --------  ----------  --------------  -------------------
/opt/airflow/dags/insert_data.py                           0           1  0.05s           2025-01-04T15:04:24
================================================================================
[2025-01-04T15:05:21.340+0000] {manager.py:879} INFO - 
================================================================================
DAG File Processing Stats

File Path                         PID    Runtime      # DAGs    # Errors  Last Runtime    Last Run
--------------------------------  -----  ---------  --------  ----------  --------------  -------------------
/opt/airflow/dags/insert_data.py                           0           1  0.06s           2025-01-04T15:04:54
================================================================================
[2025-01-04T15:05:51.523+0000] {manager.py:879} INFO - 
================================================================================
DAG File Processing Stats

File Path                         PID    Runtime      # DAGs    # Errors  Last Runtime    Last Run
--------------------------------  -----  ---------  --------  ----------  --------------  -------------------
/opt/airflow/dags/insert_data.py                           0           1  0.06s           2025-01-04T15:05:24
================================================================================
[2025-01-04T15:06:21.717+0000] {manager.py:879} INFO - 
================================================================================
DAG File Processing Stats

File Path                         PID    Runtime      # DAGs    # Errors  Last Runtime    Last Run
--------------------------------  -----  ---------  --------  ----------  --------------  -------------------
/opt/airflow/dags/insert_data.py                           0           1  0.06s           2025-01-04T15:05:54
================================================================================
[2025-01-04T15:06:51.900+0000] {manager.py:879} INFO - 
================================================================================
DAG File Processing Stats

File Path                         PID    Runtime      # DAGs    # Errors  Last Runtime    Last Run
--------------------------------  -----  ---------  --------  ----------  --------------  -------------------
/opt/airflow/dags/insert_data.py                           0           1  0.06s           2025-01-04T15:06:24
================================================================================
[2025-01-04T15:07:22.095+0000] {manager.py:879} INFO - 
================================================================================
DAG File Processing Stats

File Path                         PID    Runtime      # DAGs    # Errors  Last Runtime    Last Run
--------------------------------  -----  ---------  --------  ----------  --------------  -------------------
/opt/airflow/dags/insert_data.py                           0           1  0.05s           2025-01-04T15:06:54
================================================================================
[2025-01-04T15:07:52.278+0000] {manager.py:879} INFO - 
================================================================================
DAG File Processing Stats

File Path                         PID    Runtime      # DAGs    # Errors  Last Runtime    Last Run
--------------------------------  -----  ---------  --------  ----------  --------------  -------------------
/opt/airflow/dags/insert_data.py                           0           1  0.05s           2025-01-04T15:07:25
================================================================================
[2025-01-04T15:08:22.462+0000] {manager.py:879} INFO - 
================================================================================
DAG File Processing Stats

File Path                         PID    Runtime      # DAGs    # Errors  Last Runtime    Last Run
--------------------------------  -----  ---------  --------  ----------  --------------  -------------------
/opt/airflow/dags/insert_data.py                           0           1  0.05s           2025-01-04T15:07:55
================================================================================
[2025-01-04T15:08:52.635+0000] {manager.py:879} INFO - 
================================================================================
DAG File Processing Stats

File Path                         PID    Runtime      # DAGs    # Errors  Last Runtime    Last Run
--------------------------------  -----  ---------  --------  ----------  --------------  -------------------
/opt/airflow/dags/insert_data.py                           0           1  0.05s           2025-01-04T15:08:25
================================================================================
[2025-01-04T15:08:59.692+0000] {manager.py:738} INFO - Searching for files in /opt/airflow/dags
[2025-01-04T15:08:59.696+0000] {manager.py:741} INFO - There are 1 files in /opt/airflow/dags
[2025-01-04T15:09:22.837+0000] {manager.py:879} INFO - 
================================================================================
DAG File Processing Stats

File Path                         PID    Runtime      # DAGs    # Errors  Last Runtime    Last Run
--------------------------------  -----  ---------  --------  ----------  --------------  -------------------
/opt/airflow/dags/insert_data.py                           0           1  0.05s           2025-01-04T15:08:55
================================================================================
[2025-01-04T15:09:53.001+0000] {manager.py:879} INFO - 
================================================================================
DAG File Processing Stats

File Path                         PID    Runtime      # DAGs    # Errors  Last Runtime    Last Run
--------------------------------  -----  ---------  --------  ----------  --------------  -------------------
/opt/airflow/dags/insert_data.py                           0           1  0.05s           2025-01-04T15:09:25
================================================================================
[2025-01-04T15:10:23.181+0000] {manager.py:879} INFO - 
================================================================================
DAG File Processing Stats

File Path                         PID    Runtime      # DAGs    # Errors  Last Runtime    Last Run
--------------------------------  -----  ---------  --------  ----------  --------------  -------------------
/opt/airflow/dags/insert_data.py                           0           1  0.05s           2025-01-04T15:09:56
================================================================================
[2025-01-04T15:10:53.350+0000] {manager.py:879} INFO - 
================================================================================
DAG File Processing Stats

File Path                         PID    Runtime      # DAGs    # Errors  Last Runtime    Last Run
--------------------------------  -----  ---------  --------  ----------  --------------  -------------------
/opt/airflow/dags/insert_data.py                           0           1  0.05s           2025-01-04T15:10:26
================================================================================
[2025-01-04T15:11:23.542+0000] {manager.py:879} INFO - 
================================================================================
DAG File Processing Stats

File Path                         PID    Runtime      # DAGs    # Errors  Last Runtime    Last Run
--------------------------------  -----  ---------  --------  ----------  --------------  -------------------
/opt/airflow/dags/insert_data.py                           0           1  0.06s           2025-01-04T15:10:56
================================================================================
[2025-01-04T15:11:53.714+0000] {manager.py:879} INFO - 
================================================================================
DAG File Processing Stats

File Path                         PID    Runtime      # DAGs    # Errors  Last Runtime    Last Run
--------------------------------  -----  ---------  --------  ----------  --------------  -------------------
/opt/airflow/dags/insert_data.py                           0           1  0.05s           2025-01-04T15:11:26
================================================================================
[2025-01-04T15:12:23.926+0000] {manager.py:879} INFO - 
================================================================================
DAG File Processing Stats

File Path                         PID    Runtime      # DAGs    # Errors  Last Runtime    Last Run
--------------------------------  -----  ---------  --------  ----------  --------------  -------------------
/opt/airflow/dags/insert_data.py                           0           1  0.05s           2025-01-04T15:11:56
================================================================================
[2025-01-04T15:12:54.146+0000] {manager.py:879} INFO - 
================================================================================
DAG File Processing Stats

File Path                         PID    Runtime      # DAGs    # Errors  Last Runtime    Last Run
--------------------------------  -----  ---------  --------  ----------  --------------  -------------------
/opt/airflow/dags/insert_data.py                           0           1  0.08s           2025-01-04T15:12:27
================================================================================
[2025-01-04T15:13:24.405+0000] {manager.py:879} INFO - 
================================================================================
DAG File Processing Stats

File Path                         PID    Runtime      # DAGs    # Errors  Last Runtime    Last Run
--------------------------------  -----  ---------  --------  ----------  --------------  -------------------
/opt/airflow/dags/insert_data.py                           0           1  0.10s           2025-01-04T15:12:57
================================================================================
[2025-01-04T15:13:54.605+0000] {manager.py:879} INFO - 
================================================================================
DAG File Processing Stats

File Path                         PID    Runtime      # DAGs    # Errors  Last Runtime    Last Run
--------------------------------  -----  ---------  --------  ----------  --------------  -------------------
/opt/airflow/dags/insert_data.py                           0           1  0.07s           2025-01-04T15:13:27
================================================================================
[2025-01-04T15:14:00.665+0000] {manager.py:738} INFO - Searching for files in /opt/airflow/dags
[2025-01-04T15:14:00.670+0000] {manager.py:741} INFO - There are 1 files in /opt/airflow/dags
[2025-01-04T15:14:24.820+0000] {manager.py:879} INFO - 
================================================================================
DAG File Processing Stats

File Path                         PID    Runtime      # DAGs    # Errors  Last Runtime    Last Run
--------------------------------  -----  ---------  --------  ----------  --------------  -------------------
/opt/airflow/dags/insert_data.py                           0           1  0.05s           2025-01-04T15:13:57
================================================================================
[2025-01-04T15:14:54.996+0000] {manager.py:879} INFO - 
================================================================================
DAG File Processing Stats

File Path                         PID    Runtime      # DAGs    # Errors  Last Runtime    Last Run
--------------------------------  -----  ---------  --------  ----------  --------------  -------------------
/opt/airflow/dags/insert_data.py                           0           1  0.06s           2025-01-04T15:14:27
================================================================================
[2025-01-04T15:15:25.179+0000] {manager.py:879} INFO - 
================================================================================
DAG File Processing Stats

File Path                         PID    Runtime      # DAGs    # Errors  Last Runtime    Last Run
--------------------------------  -----  ---------  --------  ----------  --------------  -------------------
/opt/airflow/dags/insert_data.py                           0           1  0.05s           2025-01-04T15:14:58
================================================================================
[2025-01-04T15:15:55.358+0000] {manager.py:879} INFO - 
================================================================================
DAG File Processing Stats

File Path                         PID    Runtime      # DAGs    # Errors  Last Runtime    Last Run
--------------------------------  -----  ---------  --------  ----------  --------------  -------------------
/opt/airflow/dags/insert_data.py                           0           1  0.05s           2025-01-04T15:15:28
================================================================================
[2025-01-04T15:16:25.558+0000] {manager.py:879} INFO - 
================================================================================
DAG File Processing Stats

File Path                         PID    Runtime      # DAGs    # Errors  Last Runtime    Last Run
--------------------------------  -----  ---------  --------  ----------  --------------  -------------------
/opt/airflow/dags/insert_data.py                           0           1  0.06s           2025-01-04T15:16:19
================================================================================
[2025-01-04T15:16:55.727+0000] {manager.py:879} INFO - 
================================================================================
DAG File Processing Stats

File Path                         PID    Runtime      # DAGs    # Errors  Last Runtime    Last Run
--------------------------------  -----  ---------  --------  ----------  --------------  -------------------
/opt/airflow/dags/insert_data.py                           0           1  0.05s           2025-01-04T15:16:49
================================================================================
[2025-01-04T15:17:25.925+0000] {manager.py:879} INFO - 
================================================================================
DAG File Processing Stats

File Path                         PID    Runtime      # DAGs    # Errors  Last Runtime    Last Run
--------------------------------  -----  ---------  --------  ----------  --------------  -------------------
/opt/airflow/dags/insert_data.py                           0           1  0.05s           2025-01-04T15:16:56
================================================================================
[2025-01-04T15:17:56.134+0000] {manager.py:879} INFO - 
================================================================================
DAG File Processing Stats

File Path                         PID    Runtime      # DAGs    # Errors  Last Runtime    Last Run
--------------------------------  -----  ---------  --------  ----------  --------------  -------------------
/opt/airflow/dags/insert_data.py                           0           1  0.07s           2025-01-04T15:17:35
================================================================================
[2025-01-04T15:18:26.303+0000] {manager.py:879} INFO - 
================================================================================
DAG File Processing Stats

File Path                         PID    Runtime      # DAGs    # Errors  Last Runtime    Last Run
--------------------------------  -----  ---------  --------  ----------  --------------  -------------------
/opt/airflow/dags/insert_data.py                           0           1  0.05s           2025-01-04T15:18:05
================================================================================
[2025-01-04T15:18:56.483+0000] {manager.py:879} INFO - 
================================================================================
DAG File Processing Stats

File Path                         PID    Runtime      # DAGs    # Errors  Last Runtime    Last Run
--------------------------------  -----  ---------  --------  ----------  --------------  -------------------
/opt/airflow/dags/insert_data.py                           0           1  0.06s           2025-01-04T15:18:35
================================================================================
[2025-01-04T15:19:01.513+0000] {manager.py:738} INFO - Searching for files in /opt/airflow/dags
[2025-01-04T15:19:01.518+0000] {manager.py:741} INFO - There are 1 files in /opt/airflow/dags
[2025-01-04T15:19:26.683+0000] {manager.py:879} INFO - 
================================================================================
DAG File Processing Stats

File Path                         PID    Runtime      # DAGs    # Errors  Last Runtime    Last Run
--------------------------------  -----  ---------  --------  ----------  --------------  -------------------
/opt/airflow/dags/insert_data.py                           0           1  0.05s           2025-01-04T15:19:05
================================================================================
[2025-01-04T15:19:56.920+0000] {manager.py:879} INFO - 
================================================================================
DAG File Processing Stats

File Path                         PID    Runtime      # DAGs    # Errors  Last Runtime    Last Run
--------------------------------  -----  ---------  --------  ----------  --------------  -------------------
/opt/airflow/dags/insert_data.py                           1           0  0.68s           2025-01-04T15:19:49
================================================================================
